2014-01-30 01:18:38,030 [Worker-2] INFO  o.e.m.c.i.l.LifecycleMappingFactory - Using org.maven.ide.eclipse.wtp.WarLifecycleMapping lifecycle mapping for MavenProject: E-Health_Server:E-Health_Server:0.0.1-SNAPSHOT @ C:\Users\apoclyps\Desktop\SoC-E-Health-Server-fc93293640d56ad9801cda5bf378407a7063b72f\E-Health Server\pom.xml.
2014-01-30 01:18:38,117 [Worker-0] INFO  o.e.m.c.i.l.LifecycleMappingFactory - Using org.maven.ide.eclipse.wtp.WarLifecycleMapping lifecycle mapping for MavenProject: E-Health_Server:E-Health_Server:0.0.1-SNAPSHOT @ C:\Users\apoclyps\Desktop\SoC-E-Health-Server-fc93293640d56ad9801cda5bf378407a7063b72f\E-Health Server\pom.xml.
2014-01-30 01:18:38,400 [Worker-0] WARN  o.e.m.c.i.embedder.EclipseLogger - The artifact org.apache.commons:commons-io:jar:1.3.2 has been relocated to commons-io:commons-io:jar:1.3.2
2014-01-30 01:18:38,455 [Worker-2] WARN  o.e.m.c.i.embedder.EclipseLogger - The artifact org.apache.commons:commons-io:jar:1.3.2 has been relocated to commons-io:commons-io:jar:1.3.2
2014-01-30 01:18:40,841 [Worker-2] WARN  o.e.m.c.i.embedder.EclipseLogger - The artifact org.apache.commons:commons-io:jar:1.3.2 has been relocated to commons-io:commons-io:jar:1.3.2
2014-01-30 01:18:41,595 [Worker-2] WARN  o.e.m.c.i.embedder.EclipseLogger - Using platform encoding (Cp1252 actually) to copy filtered resources, i.e. build is platform dependent!
2014-01-30 01:18:41,596 [Worker-2] INFO  o.e.m.c.i.embedder.EclipseLogger - skip non existing resourceDirectory C:\Users\apoclyps\Desktop\SoC-E-Health-Server-fc93293640d56ad9801cda5bf378407a7063b72f\E-Health Server\src\main\resources
2014-01-30 01:18:41,601 [Worker-2] WARN  o.e.m.c.i.embedder.EclipseLogger - Using platform encoding (Cp1252 actually) to copy filtered resources, i.e. build is platform dependent!
2014-01-30 01:18:41,602 [Worker-2] INFO  o.e.m.c.i.embedder.EclipseLogger - skip non existing resourceDirectory C:\Users\apoclyps\Desktop\SoC-E-Health-Server-fc93293640d56ad9801cda5bf378407a7063b72f\E-Health Server\src\test\resources
2014-01-30 01:18:43,301 [Worker-0] INFO  o.e.m.c.i.l.LifecycleMappingFactory - Using org.maven.ide.eclipse.wtp.WarLifecycleMapping lifecycle mapping for MavenProject: E-Health_Server:E-Health_Server:0.0.1-SNAPSHOT @ C:\Users\apoclyps\Desktop\SoC-E-Health-Server-fc93293640d56ad9801cda5bf378407a7063b72f\E-Health Server\pom.xml.
2014-01-30 01:18:43,429 [Worker-0] WARN  o.e.m.c.i.embedder.EclipseLogger - The artifact org.apache.commons:commons-io:jar:1.3.2 has been relocated to commons-io:commons-io:jar:1.3.2
2014-01-30 01:18:43,503 [Worker-1] WARN  o.e.m.c.i.embedder.EclipseLogger - Using platform encoding (Cp1252 actually) to copy filtered resources, i.e. build is platform dependent!
2014-01-30 01:18:43,504 [Worker-1] INFO  o.e.m.c.i.embedder.EclipseLogger - skip non existing resourceDirectory C:\Users\apoclyps\Desktop\SoC-E-Health-Server-fc93293640d56ad9801cda5bf378407a7063b72f\E-Health Server\src\main\resources
2014-01-30 01:18:43,508 [Worker-1] WARN  o.e.m.c.i.embedder.EclipseLogger - Using platform encoding (Cp1252 actually) to copy filtered resources, i.e. build is platform dependent!
2014-01-30 01:18:43,509 [Worker-1] INFO  o.e.m.c.i.embedder.EclipseLogger - skip non existing resourceDirectory C:\Users\apoclyps\Desktop\SoC-E-Health-Server-fc93293640d56ad9801cda5bf378407a7063b72f\E-Health Server\src\test\resources
2014-01-30 01:18:43,770 [Worker-0] WARN  o.e.m.c.i.embedder.EclipseLogger - The artifact org.apache.commons:commons-io:jar:1.3.2 has been relocated to commons-io:commons-io:jar:1.3.2
2014-01-30 01:18:44,854 [Worker-6] WARN  o.e.m.c.i.embedder.EclipseLogger - Using platform encoding (Cp1252 actually) to copy filtered resources, i.e. build is platform dependent!
2014-01-30 01:18:44,854 [Worker-6] INFO  o.e.m.c.i.embedder.EclipseLogger - skip non existing resourceDirectory C:\Users\apoclyps\Desktop\SoC-E-Health-Server-fc93293640d56ad9801cda5bf378407a7063b72f\E-Health Server\src\main\resources
2014-01-30 01:18:44,857 [Worker-6] WARN  o.e.m.c.i.embedder.EclipseLogger - Using platform encoding (Cp1252 actually) to copy filtered resources, i.e. build is platform dependent!
2014-01-30 01:18:44,859 [Worker-6] INFO  o.e.m.c.i.embedder.EclipseLogger - skip non existing resourceDirectory C:\Users\apoclyps\Desktop\SoC-E-Health-Server-fc93293640d56ad9801cda5bf378407a7063b72f\E-Health Server\src\test\resources
2014-01-30 01:19:12,013 [Worker-9] INFO  o.e.m.c.i.p.ProjectConfigurationManager - Update started
2014-01-30 01:19:12,098 [Worker-9] INFO  o.e.m.c.i.l.LifecycleMappingFactory - Using org.maven.ide.eclipse.wtp.WarLifecycleMapping lifecycle mapping for MavenProject: E-Health_Server:E-Health_Server:0.0.1-SNAPSHOT @ C:\Users\apoclyps\Desktop\SoC-E-Health-Server-fc93293640d56ad9801cda5bf378407a7063b72f\E-Health Server\pom.xml.
2014-01-30 01:19:12,150 [Worker-9] WARN  o.e.m.c.i.embedder.EclipseLogger - The artifact org.apache.commons:commons-io:jar:1.3.2 has been relocated to commons-io:commons-io:jar:1.3.2
2014-01-30 01:19:12,210 [Worker-9] WARN  o.e.m.c.i.embedder.EclipseLogger - The artifact org.apache.commons:commons-io:jar:1.3.2 has been relocated to commons-io:commons-io:jar:1.3.2
2014-01-30 01:19:12,331 [Worker-9] INFO  o.e.m.j.i.AbstractJavaProjectConfigurator - Adding source folder /E-Health-Server/src
2014-01-30 01:19:12,332 [Worker-9] INFO  o.e.m.j.i.AbstractJavaProjectConfigurator - Not adding source folder /E-Health-Server/src/test/java because it overlaps with /E-Health-Server/src
2014-01-30 01:19:12,966 [Worker-9] INFO  o.e.m.w.i.f.ResourceFilteringBuildParticipant - Cleaning filtered folder for E-Health-Server
2014-01-30 01:19:12,977 [Worker-9] INFO  o.e.m.c.i.p.ProjectConfigurationManager - Update completed: 0 sec
2014-01-30 01:19:13,841 [Worker-0] INFO  o.e.m.c.i.l.LifecycleMappingFactory - Using org.maven.ide.eclipse.wtp.WarLifecycleMapping lifecycle mapping for MavenProject: E-Health_Server:E-Health_Server:0.0.1-SNAPSHOT @ C:\Users\apoclyps\Desktop\SoC-E-Health-Server-fc93293640d56ad9801cda5bf378407a7063b72f\E-Health Server\pom.xml.
2014-01-30 01:19:13,949 [Worker-0] WARN  o.e.m.c.i.embedder.EclipseLogger - The artifact org.apache.commons:commons-io:jar:1.3.2 has been relocated to commons-io:commons-io:jar:1.3.2
2014-01-30 01:19:14,059 [Worker-0] WARN  o.e.m.c.i.embedder.EclipseLogger - The artifact org.apache.commons:commons-io:jar:1.3.2 has been relocated to commons-io:commons-io:jar:1.3.2
2014-01-30 01:19:14,268 [Worker-0] WARN  o.e.m.c.i.embedder.EclipseLogger - Using platform encoding (Cp1252 actually) to copy filtered resources, i.e. build is platform dependent!
2014-01-30 01:19:14,269 [Worker-0] INFO  o.e.m.c.i.embedder.EclipseLogger - skip non existing resourceDirectory C:\Users\apoclyps\Desktop\SoC-E-Health-Server-fc93293640d56ad9801cda5bf378407a7063b72f\E-Health Server\src\main\resources
2014-01-30 01:19:14,304 [Worker-0] WARN  o.e.m.c.i.embedder.EclipseLogger - Using platform encoding (Cp1252 actually) to copy filtered resources, i.e. build is platform dependent!
2014-01-30 01:19:14,305 [Worker-0] INFO  o.e.m.c.i.embedder.EclipseLogger - skip non existing resourceDirectory C:\Users\apoclyps\Desktop\SoC-E-Health-Server-fc93293640d56ad9801cda5bf378407a7063b72f\E-Health Server\src\test\resources
